<?xml version="1.0" encoding="UTF-8"?>
<testng-results skipped="0" failed="0" ignored="0" total="4" passed="4">
  <reporter-output>
  </reporter-output>
  <suite name="Default suite" duration-ms="8749" started-at="2019-02-07T11:52:24Z" finished-at="2019-02-07T11:52:33Z">
    <groups>
    </groups>
    <test name="Default test" duration-ms="8749" started-at="2019-02-07T11:52:24Z" finished-at="2019-02-07T11:52:33Z">
      <class name="genericMethods.iQueryTest">
        <test-method status="PASS" signature="goTo()[pri:0, instance:genericMethods.iQueryTest@2b98378d]" name="goTo" duration-ms="7479" started-at="2019-02-07T11:52:24Z" finished-at="2019-02-07T11:52:31Z">
          <reporter-output>
          </reporter-output>
        </test-method> <!-- goTo -->
        <test-method status="PASS" signature="moveRightBy25()[pri:0, instance:genericMethods.iQueryTest@2b98378d]" name="moveRightBy25" duration-ms="413" started-at="2019-02-07T11:52:31Z" depends-on-methods="genericMethods.iQueryTest.goTo" finished-at="2019-02-07T11:52:32Z">
          <reporter-output>
          </reporter-output>
        </test-method> <!-- moveRightBy25 -->
        <test-method status="PASS" signature="moveLeftBy20()[pri:0, instance:genericMethods.iQueryTest@2b98378d]" name="moveLeftBy20" duration-ms="288" started-at="2019-02-07T11:52:32Z" depends-on-methods="genericMethods.iQueryTest.moveRightBy25" finished-at="2019-02-07T11:52:32Z">
          <reporter-output>
          </reporter-output>
        </test-method> <!-- moveLeftBy20 -->
        <test-method status="PASS" signature="moveRightBy50()[pri:0, instance:genericMethods.iQueryTest@2b98378d]" name="moveRightBy50" duration-ms="530" started-at="2019-02-07T11:52:32Z" depends-on-methods="genericMethods.iQueryTest.moveLeftBy20" finished-at="2019-02-07T11:52:33Z">
          <reporter-output>
          </reporter-output>
        </test-method> <!-- moveRightBy50 -->
      </class> <!-- genericMethods.iQueryTest -->
    </test> <!-- Default test -->
  </suite> <!-- Default suite -->
</testng-results>
