<?xml version="1.0" encoding="UTF-8"?>
<!-- Generated by org.testng.reporters.JUnitXMLReporter -->
<testsuite hostname="LAPTOP-0S5JKHEP" ignored="0" name="Default test" tests="4" failures="0" timestamp="07 Feb 2019 11:52:33 GMT" time="8.749" errors="0">
  <testcase name="goTo" time="7.479" classname="genericMethods.iQueryTest"/>
  <testcase name="moveRightBy25" time="0.413" classname="genericMethods.iQueryTest"/>
  <testcase name="moveLeftBy20" time="0.288" classname="genericMethods.iQueryTest"/>
  <testcase name="moveRightBy50" time="0.53" classname="genericMethods.iQueryTest"/>
</testsuite> <!-- Default test -->
